A:\Uni Work\Year2\Interactive 3D\Interactive 3D Project\Interactive3D\Release\BiPlaneNode.obj
A:\Uni Work\Year2\Interactive 3D\Interactive 3D Project\Interactive3D\Release\BoundingBoxNode.obj
A:\Uni Work\Year2\Interactive 3D\Interactive 3D Project\Interactive3D\Release\BoundingShapeNode.obj
A:\Uni Work\Year2\Interactive 3D\Interactive 3D Project\Interactive3D\Release\BoundingSphereNode.obj
A:\Uni Work\Year2\Interactive 3D\Interactive 3D Project\Interactive3D\Release\Camera.obj
A:\Uni Work\Year2\Interactive 3D\Interactive 3D Project\Interactive3D\Release\cl.command.1.tlog
A:\Uni Work\Year2\Interactive 3D\Interactive 3D Project\Interactive3D\Release\CL.read.1.tlog
A:\Uni Work\Year2\Interactive 3D\Interactive 3D Project\Interactive3D\Release\CL.write.1.tlog
A:\Uni Work\Year2\Interactive 3D\Interactive 3D Project\Interactive3D\Release\Cube.obj
A:\Uni Work\Year2\Interactive 3D\Interactive 3D Project\Interactive3D\Release\DirectXBoundingVolumes.obj
A:\Uni Work\Year2\Interactive 3D\Interactive 3D Project\Interactive3D\Release\Framework.obj
A:\Uni Work\Year2\Interactive 3D\Interactive 3D Project\Interactive3D\Release\GamePadController.obj
A:\Uni Work\Year2\Interactive 3D\Interactive 3D Project\Interactive3D\Release\Interactive3D.exe.intermediate.manifest
A:\Uni Work\Year2\Interactive 3D\Interactive 3D Project\Interactive3D\Release\Interactive3D.obj
A:\Uni Work\Year2\Interactive 3D\Interactive 3D Project\Interactive3D\Release\Interactive3D.vcxprojResolveAssemblyReference.cache
A:\Uni Work\Year2\Interactive 3D\Interactive 3D Project\Interactive3D\Release\Interactive3D.write.1.tlog
A:\Uni Work\Year2\Interactive 3D\Interactive 3D Project\Interactive3D\Release\link.command.1.tlog
A:\Uni Work\Year2\Interactive 3D\Interactive 3D Project\Interactive3D\Release\link.read.1.tlog
A:\Uni Work\Year2\Interactive 3D\Interactive 3D Project\Interactive3D\Release\link.write.1.tlog
A:\Uni Work\Year2\Interactive 3D\Interactive 3D Project\Interactive3D\Release\Mesh.obj
A:\Uni Work\Year2\Interactive 3D\Interactive 3D Project\Interactive3D\Release\ModelNode.obj
A:\Uni Work\Year2\Interactive 3D\Interactive 3D Project\Interactive3D\Release\mt.command.1.tlog
A:\Uni Work\Year2\Interactive 3D\Interactive 3D Project\Interactive3D\Release\mt.read.1.tlog
A:\Uni Work\Year2\Interactive 3D\Interactive 3D Project\Interactive3D\Release\mt.write.1.tlog
A:\Uni Work\Year2\Interactive 3D\Interactive 3D Project\Interactive3D\Release\Renderer.obj
A:\Uni Work\Year2\Interactive 3D\Interactive 3D Project\Interactive3D\Release\ResourcesManager.obj
A:\Uni Work\Year2\Interactive 3D\Interactive 3D Project\Interactive3D\Release\SceneGraph.obj
A:\Uni Work\Year2\Interactive 3D\Interactive 3D Project\Interactive3D\Release\SceneNode.obj
A:\Uni Work\Year2\Interactive 3D\Interactive 3D Project\Interactive3D\Release\SkyBox.obj
A:\Uni Work\Year2\Interactive 3D\Interactive 3D Project\Interactive3D\Release\TerrainNode.obj
A:\Uni Work\Year2\Interactive 3D\Interactive 3D Project\Interactive3D\Release\TexturedCube.obj
A:\Uni Work\Year2\Interactive 3D\Interactive 3D Project\Interactive3D\Release\vc100.pdb
A:\Uni Work\Year2\Interactive 3D\Interactive 3D Project\Interactive3D\Release\WoodenCube.obj
A:\Uni Work\Year2\Interactive 3D\Interactive 3D Project\Release\Interactive3D.exe
A:\Uni Work\Year2\Interactive 3D\Interactive 3D Project\Release\Interactive3D.pdb
T:\YEAR2\INTERACTIVE 3D\INTERACTIVE 3D PROJECT\INTERACTIVE3D\RELEASE\BIPLANENODE.OBJ
T:\YEAR2\INTERACTIVE 3D\INTERACTIVE 3D PROJECT\INTERACTIVE3D\RELEASE\CAMERA.OBJ
T:\YEAR2\INTERACTIVE 3D\INTERACTIVE 3D PROJECT\INTERACTIVE3D\RELEASE\CUBE.OBJ
T:\YEAR2\INTERACTIVE 3D\INTERACTIVE 3D PROJECT\INTERACTIVE3D\RELEASE\DIRECTXBOUNDINGVOLUMES.OBJ
T:\YEAR2\INTERACTIVE 3D\INTERACTIVE 3D PROJECT\INTERACTIVE3D\RELEASE\FRAMEWORK.OBJ
T:\YEAR2\INTERACTIVE 3D\INTERACTIVE 3D PROJECT\INTERACTIVE3D\RELEASE\GAMEPADCONTROLLER.OBJ
T:\YEAR2\INTERACTIVE 3D\INTERACTIVE 3D PROJECT\INTERACTIVE3D\RELEASE\INTERACTIVE3D.EXE.INTERMEDIATE.MANIFEST
T:\YEAR2\INTERACTIVE 3D\INTERACTIVE 3D PROJECT\INTERACTIVE3D\RELEASE\INTERACTIVE3D.OBJ
T:\YEAR2\INTERACTIVE 3D\INTERACTIVE 3D PROJECT\INTERACTIVE3D\RELEASE\MESH.OBJ
T:\YEAR2\INTERACTIVE 3D\INTERACTIVE 3D PROJECT\INTERACTIVE3D\RELEASE\MODELNODE.OBJ
T:\YEAR2\INTERACTIVE 3D\INTERACTIVE 3D PROJECT\INTERACTIVE3D\RELEASE\RENDERER.OBJ
T:\YEAR2\INTERACTIVE 3D\INTERACTIVE 3D PROJECT\INTERACTIVE3D\RELEASE\RESOURCESMANAGER.OBJ
T:\YEAR2\INTERACTIVE 3D\INTERACTIVE 3D PROJECT\INTERACTIVE3D\RELEASE\SCENEGRAPH.OBJ
T:\YEAR2\INTERACTIVE 3D\INTERACTIVE 3D PROJECT\INTERACTIVE3D\RELEASE\SCENENODE.OBJ
T:\YEAR2\INTERACTIVE 3D\INTERACTIVE 3D PROJECT\INTERACTIVE3D\RELEASE\SKYBOX.OBJ
T:\YEAR2\INTERACTIVE 3D\INTERACTIVE 3D PROJECT\INTERACTIVE3D\RELEASE\TERRAINNODE.OBJ
T:\YEAR2\INTERACTIVE 3D\INTERACTIVE 3D PROJECT\INTERACTIVE3D\RELEASE\VC100.PDB
T:\YEAR2\INTERACTIVE 3D\INTERACTIVE 3D PROJECT\INTERACTIVE3D\RELEASE\WOODENCUBE.OBJ
T:\YEAR2\INTERACTIVE 3D\INTERACTIVE 3D PROJECT\RELEASE\INTERACTIVE3D.EXE
T:\YEAR2\INTERACTIVE 3D\INTERACTIVE 3D PROJECT\RELEASE\INTERACTIVE3D.PDB
