Build started 18/05/2012 23:09:46.
     1>Project "A:\Uni Work\Year2\Interactive 3D\Interactive 3D Project\Interactive3D\Interactive3D.vcxproj" on node 2 (rebuild target(s)).
     1>_PrepareForClean:
         Deleting file "Release\Interactive3D.lastbuildstate".
       InitializeBuildStatus:
         Creating "Release\Interactive3D.unsuccessfulbuild" because "AlwaysCreate" was specified.
       ClCompile:
         C:\Program Files (x86)\Microsoft Visual Studio 10.0\VC\bin\CL.exe /c /Zi /nologo /W3 /WX- /O2 /Oi /Oy- /GL /D WIN32 /D NDEBUG /D _WINDOWS /D _UNICODE /D UNICODE /Gm- /EHsc /MD /GS /Gy /fp:precise /Zc:wchar_t /Zc:forScope /Fo"Release\\" /Fd"Release\vc100.pdb" /Gd /TP /analyze- /errorReport:prompt BiPlaneNode.cpp Camera.cpp Cube.cpp DirectXBoundingVolumes.cpp Framework.cpp GamePadController.cpp Interactive3D.cpp Mesh.cpp ModelNode.cpp Renderer.cpp ResourcesManager.cpp SceneGraph.cpp SceneNode.cpp SkyBox.cpp TerrainNode.cpp WoodenCube.cpp
         BiPlaneNode.cpp
         Camera.cpp
         Cube.cpp
         DirectXBoundingVolumes.cpp
         Framework.cpp
         GamePadController.cpp
         Interactive3D.cpp
         Mesh.cpp
         ModelNode.cpp
         Renderer.cpp
         ResourcesManager.cpp
         SceneGraph.cpp
         SceneNode.cpp
         SkyBox.cpp
         TerrainNode.cpp
         WoodenCube.cpp
       Link:
         C:\Program Files (x86)\Microsoft Visual Studio 10.0\VC\bin\link.exe /ERRORREPORT:PROMPT /OUT:"A:\Uni Work\Year2\Interactive 3D\Interactive 3D Project\Release\Interactive3D.exe" /INCREMENTAL:NO /NOLOGO kernel32.lib user32.lib gdi32.lib winspool.lib comdlg32.lib advapi32.lib shell32.lib ole32.lib oleaut32.lib uuid.lib odbc32.lib odbccp32.lib /MANIFEST /ManifestFile:"Release\Interactive3D.exe.intermediate.manifest" /MANIFESTUAC:"level='asInvoker' uiAccess='false'" /DEBUG /PDB:"A:\Uni Work\Year2\Interactive 3D\Interactive 3D Project\Release\Interactive3D.pdb" /SUBSYSTEM:WINDOWS /OPT:REF /OPT:ICF /LTCG /TLBID:1 /DYNAMICBASE /NXCOMPAT /IMPLIB:"A:\Uni Work\Year2\Interactive 3D\Interactive 3D Project\Release\Interactive3D.lib" /MACHINE:X86 Release\BiPlaneNode.obj
         Release\Camera.obj
         Release\Cube.obj
         Release\DirectXBoundingVolumes.obj
         Release\Framework.obj
         Release\GamePadController.obj
         Release\Interactive3D.obj
         Release\Mesh.obj
         Release\ModelNode.obj
         Release\Renderer.obj
         Release\ResourcesManager.obj
         Release\SceneGraph.obj
         Release\SceneNode.obj
         Release\SkyBox.obj
         Release\TerrainNode.obj
         Release\WoodenCube.obj
         Generating code
         Finished generating code
         Interactive3D.vcxproj -> A:\Uni Work\Year2\Interactive 3D\Interactive 3D Project\Release\Interactive3D.exe
       Manifest:
         C:\Program Files (x86)\Microsoft SDKs\Windows\v7.0A\bin\mt.exe /nologo /verbose /outputresource:"A:\Uni Work\Year2\Interactive 3D\Interactive 3D Project\Release\Interactive3D.exe;#1" /manifest Release\Interactive3D.exe.intermediate.manifest
       FinalizeBuildStatus:
         Deleting file "Release\Interactive3D.unsuccessfulbuild".
         Touching "Release\Interactive3D.lastbuildstate".
     1>Done Building Project "A:\Uni Work\Year2\Interactive 3D\Interactive 3D Project\Interactive3D\Interactive3D.vcxproj" (rebuild target(s)).

Build succeeded.

Time Elapsed 00:00:21.68
