A:\UNI WORK\YEAR2\INTERACTIVE 3D\INTERACTIVE 3D PROJECT\DEBUG\INTERACTIVE3D.EXE
A:\UNI WORK\YEAR2\INTERACTIVE 3D\INTERACTIVE 3D PROJECT\DEBUG\INTERACTIVE3D.ILK
A:\UNI WORK\YEAR2\INTERACTIVE 3D\INTERACTIVE 3D PROJECT\DEBUG\INTERACTIVE3D.PDB
A:\UNI WORK\YEAR2\INTERACTIVE 3D\INTERACTIVE 3D PROJECT\INTERACTIVE3D\DEBUG\BIPLANENODE.OBJ
A:\UNI WORK\YEAR2\INTERACTIVE 3D\INTERACTIVE 3D PROJECT\INTERACTIVE3D\DEBUG\BOUNDINGBOXNODE.OBJ
A:\UNI WORK\YEAR2\INTERACTIVE 3D\INTERACTIVE 3D PROJECT\INTERACTIVE3D\DEBUG\BOUNDINGSHAPENODE.OBJ
A:\UNI WORK\YEAR2\INTERACTIVE 3D\INTERACTIVE 3D PROJECT\INTERACTIVE3D\DEBUG\BOUNDINGSPHERENODE.OBJ
A:\UNI WORK\YEAR2\INTERACTIVE 3D\INTERACTIVE 3D PROJECT\INTERACTIVE3D\DEBUG\CAMERA.OBJ
A:\Uni Work\Year2\Interactive 3D\Interactive 3D Project\Interactive3D\Debug\cl.command.1.tlog
A:\Uni Work\Year2\Interactive 3D\Interactive 3D Project\Interactive3D\Debug\CL.read.1.tlog
A:\Uni Work\Year2\Interactive 3D\Interactive 3D Project\Interactive3D\Debug\CL.write.1.tlog
A:\UNI WORK\YEAR2\INTERACTIVE 3D\INTERACTIVE 3D PROJECT\INTERACTIVE3D\DEBUG\CUBE.OBJ
A:\UNI WORK\YEAR2\INTERACTIVE 3D\INTERACTIVE 3D PROJECT\INTERACTIVE3D\DEBUG\DIRECTXBOUNDINGVOLUMES.OBJ
A:\UNI WORK\YEAR2\INTERACTIVE 3D\INTERACTIVE 3D PROJECT\INTERACTIVE3D\DEBUG\FRAMEWORK.OBJ
A:\UNI WORK\YEAR2\INTERACTIVE 3D\INTERACTIVE 3D PROJECT\INTERACTIVE3D\DEBUG\GAMEPADCONTROLLER.OBJ
A:\UNI WORK\YEAR2\INTERACTIVE 3D\INTERACTIVE 3D PROJECT\INTERACTIVE3D\DEBUG\INTERACTIVE3D.EXE.EMBED.MANIFEST
A:\UNI WORK\YEAR2\INTERACTIVE 3D\INTERACTIVE 3D PROJECT\INTERACTIVE3D\DEBUG\INTERACTIVE3D.EXE.EMBED.MANIFEST.RES
A:\UNI WORK\YEAR2\INTERACTIVE 3D\INTERACTIVE 3D PROJECT\INTERACTIVE3D\DEBUG\INTERACTIVE3D.EXE.INTERMEDIATE.MANIFEST
A:\UNI WORK\YEAR2\INTERACTIVE 3D\INTERACTIVE 3D PROJECT\INTERACTIVE3D\DEBUG\INTERACTIVE3D.OBJ
A:\Uni Work\Year2\Interactive 3D\Interactive 3D Project\Interactive3D\Debug\Interactive3D.vcxprojResolveAssemblyReference.cache
A:\Uni Work\Year2\Interactive 3D\Interactive 3D Project\Interactive3D\Debug\Interactive3D.write.1.tlog
A:\Uni Work\Year2\Interactive 3D\Interactive 3D Project\Interactive3D\Debug\Interactive3D_manifest.rc
A:\Uni Work\Year2\Interactive 3D\Interactive 3D Project\Interactive3D\Debug\link.1112.read.1.tlog
A:\Uni Work\Year2\Interactive 3D\Interactive 3D Project\Interactive3D\Debug\link.1112.write.1.tlog
A:\Uni Work\Year2\Interactive 3D\Interactive 3D Project\Interactive3D\Debug\link.1112-cvtres.read.1.tlog
A:\Uni Work\Year2\Interactive 3D\Interactive 3D Project\Interactive3D\Debug\link.1112-cvtres.write.1.tlog
A:\Uni Work\Year2\Interactive 3D\Interactive 3D Project\Interactive3D\Debug\link.1180.read.1.tlog
A:\Uni Work\Year2\Interactive 3D\Interactive 3D Project\Interactive3D\Debug\link.1180.write.1.tlog
A:\Uni Work\Year2\Interactive 3D\Interactive 3D Project\Interactive3D\Debug\link.1180-cvtres.read.1.tlog
A:\Uni Work\Year2\Interactive 3D\Interactive 3D Project\Interactive3D\Debug\link.1180-cvtres.write.1.tlog
A:\Uni Work\Year2\Interactive 3D\Interactive 3D Project\Interactive3D\Debug\link.2228.read.1.tlog
A:\Uni Work\Year2\Interactive 3D\Interactive 3D Project\Interactive3D\Debug\link.2228.write.1.tlog
A:\Uni Work\Year2\Interactive 3D\Interactive 3D Project\Interactive3D\Debug\link.2228-cvtres.read.1.tlog
A:\Uni Work\Year2\Interactive 3D\Interactive 3D Project\Interactive3D\Debug\link.2228-cvtres.write.1.tlog
A:\Uni Work\Year2\Interactive 3D\Interactive 3D Project\Interactive3D\Debug\link.244.read.1.tlog
A:\Uni Work\Year2\Interactive 3D\Interactive 3D Project\Interactive3D\Debug\link.244.write.1.tlog
A:\Uni Work\Year2\Interactive 3D\Interactive 3D Project\Interactive3D\Debug\link.244-cvtres.read.1.tlog
A:\Uni Work\Year2\Interactive 3D\Interactive 3D Project\Interactive3D\Debug\link.244-cvtres.write.1.tlog
A:\Uni Work\Year2\Interactive 3D\Interactive 3D Project\Interactive3D\Debug\link.2532.read.1.tlog
A:\Uni Work\Year2\Interactive 3D\Interactive 3D Project\Interactive3D\Debug\link.2532.write.1.tlog
A:\Uni Work\Year2\Interactive 3D\Interactive 3D Project\Interactive3D\Debug\link.2532-cvtres.read.1.tlog
A:\Uni Work\Year2\Interactive 3D\Interactive 3D Project\Interactive3D\Debug\link.2532-cvtres.write.1.tlog
A:\Uni Work\Year2\Interactive 3D\Interactive 3D Project\Interactive3D\Debug\link.2740.read.1.tlog
A:\Uni Work\Year2\Interactive 3D\Interactive 3D Project\Interactive3D\Debug\link.2740.write.1.tlog
A:\Uni Work\Year2\Interactive 3D\Interactive 3D Project\Interactive3D\Debug\link.2740-cvtres.read.1.tlog
A:\Uni Work\Year2\Interactive 3D\Interactive 3D Project\Interactive3D\Debug\link.2740-cvtres.write.1.tlog
A:\Uni Work\Year2\Interactive 3D\Interactive 3D Project\Interactive3D\Debug\link.2804.read.1.tlog
A:\Uni Work\Year2\Interactive 3D\Interactive 3D Project\Interactive3D\Debug\link.2804.write.1.tlog
A:\Uni Work\Year2\Interactive 3D\Interactive 3D Project\Interactive3D\Debug\link.2804-cvtres.read.1.tlog
A:\Uni Work\Year2\Interactive 3D\Interactive 3D Project\Interactive3D\Debug\link.2804-cvtres.write.1.tlog
A:\Uni Work\Year2\Interactive 3D\Interactive 3D Project\Interactive3D\Debug\link.2864.read.1.tlog
A:\Uni Work\Year2\Interactive 3D\Interactive 3D Project\Interactive3D\Debug\link.2864.write.1.tlog
A:\Uni Work\Year2\Interactive 3D\Interactive 3D Project\Interactive3D\Debug\link.2864-cvtres.read.1.tlog
A:\Uni Work\Year2\Interactive 3D\Interactive 3D Project\Interactive3D\Debug\link.2864-cvtres.write.1.tlog
A:\Uni Work\Year2\Interactive 3D\Interactive 3D Project\Interactive3D\Debug\link.2908.read.1.tlog
A:\Uni Work\Year2\Interactive 3D\Interactive 3D Project\Interactive3D\Debug\link.2908.write.1.tlog
A:\Uni Work\Year2\Interactive 3D\Interactive 3D Project\Interactive3D\Debug\link.2908-cvtres.read.1.tlog
A:\Uni Work\Year2\Interactive 3D\Interactive 3D Project\Interactive3D\Debug\link.2908-cvtres.write.1.tlog
A:\Uni Work\Year2\Interactive 3D\Interactive 3D Project\Interactive3D\Debug\link.3024.read.1.tlog
A:\Uni Work\Year2\Interactive 3D\Interactive 3D Project\Interactive3D\Debug\link.3024.write.1.tlog
A:\Uni Work\Year2\Interactive 3D\Interactive 3D Project\Interactive3D\Debug\link.3024-cvtres.read.1.tlog
A:\Uni Work\Year2\Interactive 3D\Interactive 3D Project\Interactive3D\Debug\link.3024-cvtres.write.1.tlog
A:\Uni Work\Year2\Interactive 3D\Interactive 3D Project\Interactive3D\Debug\link.3060.read.1.tlog
A:\Uni Work\Year2\Interactive 3D\Interactive 3D Project\Interactive3D\Debug\link.3060.write.1.tlog
A:\Uni Work\Year2\Interactive 3D\Interactive 3D Project\Interactive3D\Debug\link.3060-cvtres.read.1.tlog
A:\Uni Work\Year2\Interactive 3D\Interactive 3D Project\Interactive3D\Debug\link.3060-cvtres.write.1.tlog
A:\Uni Work\Year2\Interactive 3D\Interactive 3D Project\Interactive3D\Debug\link.3080.read.1.tlog
A:\Uni Work\Year2\Interactive 3D\Interactive 3D Project\Interactive3D\Debug\link.3080.write.1.tlog
A:\Uni Work\Year2\Interactive 3D\Interactive 3D Project\Interactive3D\Debug\link.3080-cvtres.read.1.tlog
A:\Uni Work\Year2\Interactive 3D\Interactive 3D Project\Interactive3D\Debug\link.3080-cvtres.write.1.tlog
A:\Uni Work\Year2\Interactive 3D\Interactive 3D Project\Interactive3D\Debug\link.3120.read.1.tlog
A:\Uni Work\Year2\Interactive 3D\Interactive 3D Project\Interactive3D\Debug\link.3120.write.1.tlog
A:\Uni Work\Year2\Interactive 3D\Interactive 3D Project\Interactive3D\Debug\link.3120-cvtres.read.1.tlog
A:\Uni Work\Year2\Interactive 3D\Interactive 3D Project\Interactive3D\Debug\link.3120-cvtres.write.1.tlog
A:\Uni Work\Year2\Interactive 3D\Interactive 3D Project\Interactive3D\Debug\link.3144.read.1.tlog
A:\Uni Work\Year2\Interactive 3D\Interactive 3D Project\Interactive3D\Debug\link.3144.write.1.tlog
A:\Uni Work\Year2\Interactive 3D\Interactive 3D Project\Interactive3D\Debug\link.3144-cvtres.read.1.tlog
A:\Uni Work\Year2\Interactive 3D\Interactive 3D Project\Interactive3D\Debug\link.3144-cvtres.write.1.tlog
A:\Uni Work\Year2\Interactive 3D\Interactive 3D Project\Interactive3D\Debug\link.3176.read.1.tlog
A:\Uni Work\Year2\Interactive 3D\Interactive 3D Project\Interactive3D\Debug\link.3176.write.1.tlog
A:\Uni Work\Year2\Interactive 3D\Interactive 3D Project\Interactive3D\Debug\link.3176-cvtres.read.1.tlog
A:\Uni Work\Year2\Interactive 3D\Interactive 3D Project\Interactive3D\Debug\link.3176-cvtres.write.1.tlog
A:\Uni Work\Year2\Interactive 3D\Interactive 3D Project\Interactive3D\Debug\link.3180.read.1.tlog
A:\Uni Work\Year2\Interactive 3D\Interactive 3D Project\Interactive3D\Debug\link.3180.write.1.tlog
A:\Uni Work\Year2\Interactive 3D\Interactive 3D Project\Interactive3D\Debug\link.3180-cvtres.read.1.tlog
A:\Uni Work\Year2\Interactive 3D\Interactive 3D Project\Interactive3D\Debug\link.3180-cvtres.write.1.tlog
A:\Uni Work\Year2\Interactive 3D\Interactive 3D Project\Interactive3D\Debug\link.3252.read.1.tlog
A:\Uni Work\Year2\Interactive 3D\Interactive 3D Project\Interactive3D\Debug\link.3252.write.1.tlog
A:\Uni Work\Year2\Interactive 3D\Interactive 3D Project\Interactive3D\Debug\link.3252-cvtres.read.1.tlog
A:\Uni Work\Year2\Interactive 3D\Interactive 3D Project\Interactive3D\Debug\link.3252-cvtres.write.1.tlog
A:\Uni Work\Year2\Interactive 3D\Interactive 3D Project\Interactive3D\Debug\link.3280.read.1.tlog
A:\Uni Work\Year2\Interactive 3D\Interactive 3D Project\Interactive3D\Debug\link.3280.write.1.tlog
A:\Uni Work\Year2\Interactive 3D\Interactive 3D Project\Interactive3D\Debug\link.3280-cvtres.read.1.tlog
A:\Uni Work\Year2\Interactive 3D\Interactive 3D Project\Interactive3D\Debug\link.3280-cvtres.write.1.tlog
A:\Uni Work\Year2\Interactive 3D\Interactive 3D Project\Interactive3D\Debug\link.3288.read.1.tlog
A:\Uni Work\Year2\Interactive 3D\Interactive 3D Project\Interactive3D\Debug\link.3288.write.1.tlog
A:\Uni Work\Year2\Interactive 3D\Interactive 3D Project\Interactive3D\Debug\link.3288-cvtres.read.1.tlog
A:\Uni Work\Year2\Interactive 3D\Interactive 3D Project\Interactive3D\Debug\link.3288-cvtres.write.1.tlog
A:\Uni Work\Year2\Interactive 3D\Interactive 3D Project\Interactive3D\Debug\link.3360.read.1.tlog
A:\Uni Work\Year2\Interactive 3D\Interactive 3D Project\Interactive3D\Debug\link.3360.write.1.tlog
A:\Uni Work\Year2\Interactive 3D\Interactive 3D Project\Interactive3D\Debug\link.3360-cvtres.read.1.tlog
A:\Uni Work\Year2\Interactive 3D\Interactive 3D Project\Interactive3D\Debug\link.3360-cvtres.write.1.tlog
A:\Uni Work\Year2\Interactive 3D\Interactive 3D Project\Interactive3D\Debug\link.3372.read.1.tlog
A:\Uni Work\Year2\Interactive 3D\Interactive 3D Project\Interactive3D\Debug\link.3372.write.1.tlog
A:\Uni Work\Year2\Interactive 3D\Interactive 3D Project\Interactive3D\Debug\link.3372-cvtres.read.1.tlog
A:\Uni Work\Year2\Interactive 3D\Interactive 3D Project\Interactive3D\Debug\link.3372-cvtres.write.1.tlog
A:\Uni Work\Year2\Interactive 3D\Interactive 3D Project\Interactive3D\Debug\link.3408.read.1.tlog
A:\Uni Work\Year2\Interactive 3D\Interactive 3D Project\Interactive3D\Debug\link.3408.write.1.tlog
A:\Uni Work\Year2\Interactive 3D\Interactive 3D Project\Interactive3D\Debug\link.3408-cvtres.read.1.tlog
A:\Uni Work\Year2\Interactive 3D\Interactive 3D Project\Interactive3D\Debug\link.3408-cvtres.write.1.tlog
A:\Uni Work\Year2\Interactive 3D\Interactive 3D Project\Interactive3D\Debug\link.3592.read.1.tlog
A:\Uni Work\Year2\Interactive 3D\Interactive 3D Project\Interactive3D\Debug\link.3592.write.1.tlog
A:\Uni Work\Year2\Interactive 3D\Interactive 3D Project\Interactive3D\Debug\link.3592-cvtres.read.1.tlog
A:\Uni Work\Year2\Interactive 3D\Interactive 3D Project\Interactive3D\Debug\link.3592-cvtres.write.1.tlog
A:\Uni Work\Year2\Interactive 3D\Interactive 3D Project\Interactive3D\Debug\link.3804.read.1.tlog
A:\Uni Work\Year2\Interactive 3D\Interactive 3D Project\Interactive3D\Debug\link.3804.write.1.tlog
A:\Uni Work\Year2\Interactive 3D\Interactive 3D Project\Interactive3D\Debug\link.3804-cvtres.read.1.tlog
A:\Uni Work\Year2\Interactive 3D\Interactive 3D Project\Interactive3D\Debug\link.3804-cvtres.write.1.tlog
A:\Uni Work\Year2\Interactive 3D\Interactive 3D Project\Interactive3D\Debug\link.3836.read.1.tlog
A:\Uni Work\Year2\Interactive 3D\Interactive 3D Project\Interactive3D\Debug\link.3836.write.1.tlog
A:\Uni Work\Year2\Interactive 3D\Interactive 3D Project\Interactive3D\Debug\link.3836-cvtres.read.1.tlog
A:\Uni Work\Year2\Interactive 3D\Interactive 3D Project\Interactive3D\Debug\link.3836-cvtres.write.1.tlog
A:\Uni Work\Year2\Interactive 3D\Interactive 3D Project\Interactive3D\Debug\link.3844.read.1.tlog
A:\Uni Work\Year2\Interactive 3D\Interactive 3D Project\Interactive3D\Debug\link.3844.write.1.tlog
A:\Uni Work\Year2\Interactive 3D\Interactive 3D Project\Interactive3D\Debug\link.3844-cvtres.read.1.tlog
A:\Uni Work\Year2\Interactive 3D\Interactive 3D Project\Interactive3D\Debug\link.3844-cvtres.write.1.tlog
A:\Uni Work\Year2\Interactive 3D\Interactive 3D Project\Interactive3D\Debug\link.3876.read.1.tlog
A:\Uni Work\Year2\Interactive 3D\Interactive 3D Project\Interactive3D\Debug\link.3876.write.1.tlog
A:\Uni Work\Year2\Interactive 3D\Interactive 3D Project\Interactive3D\Debug\link.3876-cvtres.read.1.tlog
A:\Uni Work\Year2\Interactive 3D\Interactive 3D Project\Interactive3D\Debug\link.3876-cvtres.write.1.tlog
A:\Uni Work\Year2\Interactive 3D\Interactive 3D Project\Interactive3D\Debug\link.4268.read.1.tlog
A:\Uni Work\Year2\Interactive 3D\Interactive 3D Project\Interactive3D\Debug\link.4268.write.1.tlog
A:\Uni Work\Year2\Interactive 3D\Interactive 3D Project\Interactive3D\Debug\link.4268-cvtres.read.1.tlog
A:\Uni Work\Year2\Interactive 3D\Interactive 3D Project\Interactive3D\Debug\link.4268-cvtres.write.1.tlog
A:\Uni Work\Year2\Interactive 3D\Interactive 3D Project\Interactive3D\Debug\link.4276.read.1.tlog
A:\Uni Work\Year2\Interactive 3D\Interactive 3D Project\Interactive3D\Debug\link.4276.write.1.tlog
A:\Uni Work\Year2\Interactive 3D\Interactive 3D Project\Interactive3D\Debug\link.4276-cvtres.read.1.tlog
A:\Uni Work\Year2\Interactive 3D\Interactive 3D Project\Interactive3D\Debug\link.4276-cvtres.write.1.tlog
A:\Uni Work\Year2\Interactive 3D\Interactive 3D Project\Interactive3D\Debug\link.4380.read.1.tlog
A:\Uni Work\Year2\Interactive 3D\Interactive 3D Project\Interactive3D\Debug\link.4380.write.1.tlog
A:\Uni Work\Year2\Interactive 3D\Interactive 3D Project\Interactive3D\Debug\link.4380-cvtres.read.1.tlog
A:\Uni Work\Year2\Interactive 3D\Interactive 3D Project\Interactive3D\Debug\link.4380-cvtres.write.1.tlog
A:\Uni Work\Year2\Interactive 3D\Interactive 3D Project\Interactive3D\Debug\link.4412.read.1.tlog
A:\Uni Work\Year2\Interactive 3D\Interactive 3D Project\Interactive3D\Debug\link.4412.write.1.tlog
A:\Uni Work\Year2\Interactive 3D\Interactive 3D Project\Interactive3D\Debug\link.4412-cvtres.read.1.tlog
A:\Uni Work\Year2\Interactive 3D\Interactive 3D Project\Interactive3D\Debug\link.4412-cvtres.write.1.tlog
A:\Uni Work\Year2\Interactive 3D\Interactive 3D Project\Interactive3D\Debug\link.4496.read.1.tlog
A:\Uni Work\Year2\Interactive 3D\Interactive 3D Project\Interactive3D\Debug\link.4496.write.1.tlog
A:\Uni Work\Year2\Interactive 3D\Interactive 3D Project\Interactive3D\Debug\link.4496-cvtres.read.1.tlog
A:\Uni Work\Year2\Interactive 3D\Interactive 3D Project\Interactive3D\Debug\link.4496-cvtres.write.1.tlog
A:\Uni Work\Year2\Interactive 3D\Interactive 3D Project\Interactive3D\Debug\link.4660.read.1.tlog
A:\Uni Work\Year2\Interactive 3D\Interactive 3D Project\Interactive3D\Debug\link.4660.write.1.tlog
A:\Uni Work\Year2\Interactive 3D\Interactive 3D Project\Interactive3D\Debug\link.4660-cvtres.read.1.tlog
A:\Uni Work\Year2\Interactive 3D\Interactive 3D Project\Interactive3D\Debug\link.4660-cvtres.write.1.tlog
A:\Uni Work\Year2\Interactive 3D\Interactive 3D Project\Interactive3D\Debug\link.4856.read.1.tlog
A:\Uni Work\Year2\Interactive 3D\Interactive 3D Project\Interactive3D\Debug\link.4856.write.1.tlog
A:\Uni Work\Year2\Interactive 3D\Interactive 3D Project\Interactive3D\Debug\link.4856-cvtres.read.1.tlog
A:\Uni Work\Year2\Interactive 3D\Interactive 3D Project\Interactive3D\Debug\link.4856-cvtres.write.1.tlog
A:\Uni Work\Year2\Interactive 3D\Interactive 3D Project\Interactive3D\Debug\link.4880.read.1.tlog
A:\Uni Work\Year2\Interactive 3D\Interactive 3D Project\Interactive3D\Debug\link.4880.write.1.tlog
A:\Uni Work\Year2\Interactive 3D\Interactive 3D Project\Interactive3D\Debug\link.4880-cvtres.read.1.tlog
A:\Uni Work\Year2\Interactive 3D\Interactive 3D Project\Interactive3D\Debug\link.4880-cvtres.write.1.tlog
A:\Uni Work\Year2\Interactive 3D\Interactive 3D Project\Interactive3D\Debug\link.4916.read.1.tlog
A:\Uni Work\Year2\Interactive 3D\Interactive 3D Project\Interactive3D\Debug\link.4916.write.1.tlog
A:\Uni Work\Year2\Interactive 3D\Interactive 3D Project\Interactive3D\Debug\link.4916-cvtres.read.1.tlog
A:\Uni Work\Year2\Interactive 3D\Interactive 3D Project\Interactive3D\Debug\link.4916-cvtres.write.1.tlog
A:\Uni Work\Year2\Interactive 3D\Interactive 3D Project\Interactive3D\Debug\link.4988.read.1.tlog
A:\Uni Work\Year2\Interactive 3D\Interactive 3D Project\Interactive3D\Debug\link.4988.write.1.tlog
A:\Uni Work\Year2\Interactive 3D\Interactive 3D Project\Interactive3D\Debug\link.4988-cvtres.read.1.tlog
A:\Uni Work\Year2\Interactive 3D\Interactive 3D Project\Interactive3D\Debug\link.4988-cvtres.write.1.tlog
A:\Uni Work\Year2\Interactive 3D\Interactive 3D Project\Interactive3D\Debug\link.5080.read.1.tlog
A:\Uni Work\Year2\Interactive 3D\Interactive 3D Project\Interactive3D\Debug\link.5080.write.1.tlog
A:\Uni Work\Year2\Interactive 3D\Interactive 3D Project\Interactive3D\Debug\link.5080-cvtres.read.1.tlog
A:\Uni Work\Year2\Interactive 3D\Interactive 3D Project\Interactive3D\Debug\link.5080-cvtres.write.1.tlog
A:\Uni Work\Year2\Interactive 3D\Interactive 3D Project\Interactive3D\Debug\link.5124.read.1.tlog
A:\Uni Work\Year2\Interactive 3D\Interactive 3D Project\Interactive3D\Debug\link.5124.write.1.tlog
A:\Uni Work\Year2\Interactive 3D\Interactive 3D Project\Interactive3D\Debug\link.5124-cvtres.read.1.tlog
A:\Uni Work\Year2\Interactive 3D\Interactive 3D Project\Interactive3D\Debug\link.5124-cvtres.write.1.tlog
A:\Uni Work\Year2\Interactive 3D\Interactive 3D Project\Interactive3D\Debug\link.5188.read.1.tlog
A:\Uni Work\Year2\Interactive 3D\Interactive 3D Project\Interactive3D\Debug\link.5188.write.1.tlog
A:\Uni Work\Year2\Interactive 3D\Interactive 3D Project\Interactive3D\Debug\link.5188-cvtres.read.1.tlog
A:\Uni Work\Year2\Interactive 3D\Interactive 3D Project\Interactive3D\Debug\link.5188-cvtres.write.1.tlog
A:\Uni Work\Year2\Interactive 3D\Interactive 3D Project\Interactive3D\Debug\link.5196.read.1.tlog
A:\Uni Work\Year2\Interactive 3D\Interactive 3D Project\Interactive3D\Debug\link.5196.write.1.tlog
A:\Uni Work\Year2\Interactive 3D\Interactive 3D Project\Interactive3D\Debug\link.5196-cvtres.read.1.tlog
A:\Uni Work\Year2\Interactive 3D\Interactive 3D Project\Interactive3D\Debug\link.5196-cvtres.write.1.tlog
A:\Uni Work\Year2\Interactive 3D\Interactive 3D Project\Interactive3D\Debug\link.5236.read.1.tlog
A:\Uni Work\Year2\Interactive 3D\Interactive 3D Project\Interactive3D\Debug\link.5236.write.1.tlog
A:\Uni Work\Year2\Interactive 3D\Interactive 3D Project\Interactive3D\Debug\link.5236-cvtres.read.1.tlog
A:\Uni Work\Year2\Interactive 3D\Interactive 3D Project\Interactive3D\Debug\link.5236-cvtres.write.1.tlog
A:\Uni Work\Year2\Interactive 3D\Interactive 3D Project\Interactive3D\Debug\link.5276.read.1.tlog
A:\Uni Work\Year2\Interactive 3D\Interactive 3D Project\Interactive3D\Debug\link.5276.write.1.tlog
A:\Uni Work\Year2\Interactive 3D\Interactive 3D Project\Interactive3D\Debug\link.5276-cvtres.read.1.tlog
A:\Uni Work\Year2\Interactive 3D\Interactive 3D Project\Interactive3D\Debug\link.5276-cvtres.write.1.tlog
A:\Uni Work\Year2\Interactive 3D\Interactive 3D Project\Interactive3D\Debug\link.5292.read.1.tlog
A:\Uni Work\Year2\Interactive 3D\Interactive 3D Project\Interactive3D\Debug\link.5292.write.1.tlog
A:\Uni Work\Year2\Interactive 3D\Interactive 3D Project\Interactive3D\Debug\link.5292-cvtres.read.1.tlog
A:\Uni Work\Year2\Interactive 3D\Interactive 3D Project\Interactive3D\Debug\link.5292-cvtres.write.1.tlog
A:\Uni Work\Year2\Interactive 3D\Interactive 3D Project\Interactive3D\Debug\link.5300.read.1.tlog
A:\Uni Work\Year2\Interactive 3D\Interactive 3D Project\Interactive3D\Debug\link.5300.write.1.tlog
A:\Uni Work\Year2\Interactive 3D\Interactive 3D Project\Interactive3D\Debug\link.5300-cvtres.read.1.tlog
A:\Uni Work\Year2\Interactive 3D\Interactive 3D Project\Interactive3D\Debug\link.5300-cvtres.write.1.tlog
A:\Uni Work\Year2\Interactive 3D\Interactive 3D Project\Interactive3D\Debug\link.5320.read.1.tlog
A:\Uni Work\Year2\Interactive 3D\Interactive 3D Project\Interactive3D\Debug\link.5320.write.1.tlog
A:\Uni Work\Year2\Interactive 3D\Interactive 3D Project\Interactive3D\Debug\link.5320-cvtres.read.1.tlog
A:\Uni Work\Year2\Interactive 3D\Interactive 3D Project\Interactive3D\Debug\link.5320-cvtres.write.1.tlog
A:\Uni Work\Year2\Interactive 3D\Interactive 3D Project\Interactive3D\Debug\link.5496.read.1.tlog
A:\Uni Work\Year2\Interactive 3D\Interactive 3D Project\Interactive3D\Debug\link.5496.write.1.tlog
A:\Uni Work\Year2\Interactive 3D\Interactive 3D Project\Interactive3D\Debug\link.5496-cvtres.read.1.tlog
A:\Uni Work\Year2\Interactive 3D\Interactive 3D Project\Interactive3D\Debug\link.5496-cvtres.write.1.tlog
A:\Uni Work\Year2\Interactive 3D\Interactive 3D Project\Interactive3D\Debug\link.5620.read.1.tlog
A:\Uni Work\Year2\Interactive 3D\Interactive 3D Project\Interactive3D\Debug\link.5620.write.1.tlog
A:\Uni Work\Year2\Interactive 3D\Interactive 3D Project\Interactive3D\Debug\link.5620-cvtres.read.1.tlog
A:\Uni Work\Year2\Interactive 3D\Interactive 3D Project\Interactive3D\Debug\link.5620-cvtres.write.1.tlog
A:\Uni Work\Year2\Interactive 3D\Interactive 3D Project\Interactive3D\Debug\link.5652.read.1.tlog
A:\Uni Work\Year2\Interactive 3D\Interactive 3D Project\Interactive3D\Debug\link.5652.write.1.tlog
A:\Uni Work\Year2\Interactive 3D\Interactive 3D Project\Interactive3D\Debug\link.5652-cvtres.read.1.tlog
A:\Uni Work\Year2\Interactive 3D\Interactive 3D Project\Interactive3D\Debug\link.5652-cvtres.write.1.tlog
A:\Uni Work\Year2\Interactive 3D\Interactive 3D Project\Interactive3D\Debug\link.5712.read.1.tlog
A:\Uni Work\Year2\Interactive 3D\Interactive 3D Project\Interactive3D\Debug\link.5712.write.1.tlog
A:\Uni Work\Year2\Interactive 3D\Interactive 3D Project\Interactive3D\Debug\link.5712-cvtres.read.1.tlog
A:\Uni Work\Year2\Interactive 3D\Interactive 3D Project\Interactive3D\Debug\link.5712-cvtres.write.1.tlog
A:\Uni Work\Year2\Interactive 3D\Interactive 3D Project\Interactive3D\Debug\link.5756.read.1.tlog
A:\Uni Work\Year2\Interactive 3D\Interactive 3D Project\Interactive3D\Debug\link.5756.write.1.tlog
A:\Uni Work\Year2\Interactive 3D\Interactive 3D Project\Interactive3D\Debug\link.5756-cvtres.read.1.tlog
A:\Uni Work\Year2\Interactive 3D\Interactive 3D Project\Interactive3D\Debug\link.5756-cvtres.write.1.tlog
A:\Uni Work\Year2\Interactive 3D\Interactive 3D Project\Interactive3D\Debug\link.5784.read.1.tlog
A:\Uni Work\Year2\Interactive 3D\Interactive 3D Project\Interactive3D\Debug\link.5784.write.1.tlog
A:\Uni Work\Year2\Interactive 3D\Interactive 3D Project\Interactive3D\Debug\link.5784-cvtres.read.1.tlog
A:\Uni Work\Year2\Interactive 3D\Interactive 3D Project\Interactive3D\Debug\link.5784-cvtres.write.1.tlog
A:\Uni Work\Year2\Interactive 3D\Interactive 3D Project\Interactive3D\Debug\link.5804.read.1.tlog
A:\Uni Work\Year2\Interactive 3D\Interactive 3D Project\Interactive3D\Debug\link.5804.write.1.tlog
A:\Uni Work\Year2\Interactive 3D\Interactive 3D Project\Interactive3D\Debug\link.5804-cvtres.read.1.tlog
A:\Uni Work\Year2\Interactive 3D\Interactive 3D Project\Interactive3D\Debug\link.5804-cvtres.write.1.tlog
A:\Uni Work\Year2\Interactive 3D\Interactive 3D Project\Interactive3D\Debug\link.5836.read.1.tlog
A:\Uni Work\Year2\Interactive 3D\Interactive 3D Project\Interactive3D\Debug\link.5836.write.1.tlog
A:\Uni Work\Year2\Interactive 3D\Interactive 3D Project\Interactive3D\Debug\link.5836-cvtres.read.1.tlog
A:\Uni Work\Year2\Interactive 3D\Interactive 3D Project\Interactive3D\Debug\link.5836-cvtres.write.1.tlog
A:\Uni Work\Year2\Interactive 3D\Interactive 3D Project\Interactive3D\Debug\link.5928.read.1.tlog
A:\Uni Work\Year2\Interactive 3D\Interactive 3D Project\Interactive3D\Debug\link.5928.write.1.tlog
A:\Uni Work\Year2\Interactive 3D\Interactive 3D Project\Interactive3D\Debug\link.5928-cvtres.read.1.tlog
A:\Uni Work\Year2\Interactive 3D\Interactive 3D Project\Interactive3D\Debug\link.5928-cvtres.write.1.tlog
A:\Uni Work\Year2\Interactive 3D\Interactive 3D Project\Interactive3D\Debug\link.6044.read.1.tlog
A:\Uni Work\Year2\Interactive 3D\Interactive 3D Project\Interactive3D\Debug\link.6044.write.1.tlog
A:\Uni Work\Year2\Interactive 3D\Interactive 3D Project\Interactive3D\Debug\link.6044-cvtres.read.1.tlog
A:\Uni Work\Year2\Interactive 3D\Interactive 3D Project\Interactive3D\Debug\link.6044-cvtres.write.1.tlog
A:\Uni Work\Year2\Interactive 3D\Interactive 3D Project\Interactive3D\Debug\link.6148.read.1.tlog
A:\Uni Work\Year2\Interactive 3D\Interactive 3D Project\Interactive3D\Debug\link.6148.write.1.tlog
A:\Uni Work\Year2\Interactive 3D\Interactive 3D Project\Interactive3D\Debug\link.6148-cvtres.read.1.tlog
A:\Uni Work\Year2\Interactive 3D\Interactive 3D Project\Interactive3D\Debug\link.6148-cvtres.write.1.tlog
A:\Uni Work\Year2\Interactive 3D\Interactive 3D Project\Interactive3D\Debug\link.6172.read.1.tlog
A:\Uni Work\Year2\Interactive 3D\Interactive 3D Project\Interactive3D\Debug\link.6172.write.1.tlog
A:\Uni Work\Year2\Interactive 3D\Interactive 3D Project\Interactive3D\Debug\link.6172-cvtres.read.1.tlog
A:\Uni Work\Year2\Interactive 3D\Interactive 3D Project\Interactive3D\Debug\link.6172-cvtres.write.1.tlog
A:\Uni Work\Year2\Interactive 3D\Interactive 3D Project\Interactive3D\Debug\link.6248.read.1.tlog
A:\Uni Work\Year2\Interactive 3D\Interactive 3D Project\Interactive3D\Debug\link.6248.write.1.tlog
A:\Uni Work\Year2\Interactive 3D\Interactive 3D Project\Interactive3D\Debug\link.6248-cvtres.read.1.tlog
A:\Uni Work\Year2\Interactive 3D\Interactive 3D Project\Interactive3D\Debug\link.6248-cvtres.write.1.tlog
A:\Uni Work\Year2\Interactive 3D\Interactive 3D Project\Interactive3D\Debug\link.6296.read.1.tlog
A:\Uni Work\Year2\Interactive 3D\Interactive 3D Project\Interactive3D\Debug\link.6296.write.1.tlog
A:\Uni Work\Year2\Interactive 3D\Interactive 3D Project\Interactive3D\Debug\link.6296-cvtres.read.1.tlog
A:\Uni Work\Year2\Interactive 3D\Interactive 3D Project\Interactive3D\Debug\link.6296-cvtres.write.1.tlog
A:\Uni Work\Year2\Interactive 3D\Interactive 3D Project\Interactive3D\Debug\link.6388.read.1.tlog
A:\Uni Work\Year2\Interactive 3D\Interactive 3D Project\Interactive3D\Debug\link.6388.write.1.tlog
A:\Uni Work\Year2\Interactive 3D\Interactive 3D Project\Interactive3D\Debug\link.6388-cvtres.read.1.tlog
A:\Uni Work\Year2\Interactive 3D\Interactive 3D Project\Interactive3D\Debug\link.6388-cvtres.write.1.tlog
A:\Uni Work\Year2\Interactive 3D\Interactive 3D Project\Interactive3D\Debug\link.6544.read.1.tlog
A:\Uni Work\Year2\Interactive 3D\Interactive 3D Project\Interactive3D\Debug\link.6544.write.1.tlog
A:\Uni Work\Year2\Interactive 3D\Interactive 3D Project\Interactive3D\Debug\link.6544-cvtres.read.1.tlog
A:\Uni Work\Year2\Interactive 3D\Interactive 3D Project\Interactive3D\Debug\link.6544-cvtres.write.1.tlog
A:\Uni Work\Year2\Interactive 3D\Interactive 3D Project\Interactive3D\Debug\link.756.read.1.tlog
A:\Uni Work\Year2\Interactive 3D\Interactive 3D Project\Interactive3D\Debug\link.756.write.1.tlog
A:\Uni Work\Year2\Interactive 3D\Interactive 3D Project\Interactive3D\Debug\link.756-cvtres.read.1.tlog
A:\Uni Work\Year2\Interactive 3D\Interactive 3D Project\Interactive3D\Debug\link.756-cvtres.write.1.tlog
A:\Uni Work\Year2\Interactive 3D\Interactive 3D Project\Interactive3D\Debug\link.912.read.1.tlog
A:\Uni Work\Year2\Interactive 3D\Interactive 3D Project\Interactive3D\Debug\link.912.write.1.tlog
A:\Uni Work\Year2\Interactive 3D\Interactive 3D Project\Interactive3D\Debug\link.912-cvtres.read.1.tlog
A:\Uni Work\Year2\Interactive 3D\Interactive 3D Project\Interactive3D\Debug\link.912-cvtres.write.1.tlog
A:\Uni Work\Year2\Interactive 3D\Interactive 3D Project\Interactive3D\Debug\link.9532.read.1.tlog
A:\Uni Work\Year2\Interactive 3D\Interactive 3D Project\Interactive3D\Debug\link.9532.write.1.tlog
A:\Uni Work\Year2\Interactive 3D\Interactive 3D Project\Interactive3D\Debug\link.9532-cvtres.read.1.tlog
A:\Uni Work\Year2\Interactive 3D\Interactive 3D Project\Interactive3D\Debug\link.9532-cvtres.write.1.tlog
A:\Uni Work\Year2\Interactive 3D\Interactive 3D Project\Interactive3D\Debug\link.command.1.tlog
A:\Uni Work\Year2\Interactive 3D\Interactive 3D Project\Interactive3D\Debug\link.read.1.tlog
A:\Uni Work\Year2\Interactive 3D\Interactive 3D Project\Interactive3D\Debug\link.write.1.tlog
A:\Uni Work\Year2\Interactive 3D\Interactive 3D Project\Interactive3D\Debug\link-cvtres.read.1.tlog
A:\Uni Work\Year2\Interactive 3D\Interactive 3D Project\Interactive3D\Debug\link-cvtres.write.1.tlog
A:\UNI WORK\YEAR2\INTERACTIVE 3D\INTERACTIVE 3D PROJECT\INTERACTIVE3D\DEBUG\MESH.OBJ
A:\UNI WORK\YEAR2\INTERACTIVE 3D\INTERACTIVE 3D PROJECT\INTERACTIVE3D\DEBUG\MODELNODE.OBJ
A:\Uni Work\Year2\Interactive 3D\Interactive 3D Project\Interactive3D\Debug\mt.command.1.tlog
A:\Uni Work\Year2\Interactive 3D\Interactive 3D Project\Interactive3D\Debug\mt.read.1.tlog
A:\Uni Work\Year2\Interactive 3D\Interactive 3D Project\Interactive3D\Debug\mt.write.1.tlog
A:\Uni Work\Year2\Interactive 3D\Interactive 3D Project\Interactive3D\Debug\rc.command.1.tlog
A:\Uni Work\Year2\Interactive 3D\Interactive 3D Project\Interactive3D\Debug\rc.read.1.tlog
A:\Uni Work\Year2\Interactive 3D\Interactive 3D Project\Interactive3D\Debug\rc.write.1.tlog
A:\UNI WORK\YEAR2\INTERACTIVE 3D\INTERACTIVE 3D PROJECT\INTERACTIVE3D\DEBUG\RENDERER.OBJ
A:\UNI WORK\YEAR2\INTERACTIVE 3D\INTERACTIVE 3D PROJECT\INTERACTIVE3D\DEBUG\RESOURCESMANAGER.OBJ
A:\UNI WORK\YEAR2\INTERACTIVE 3D\INTERACTIVE 3D PROJECT\INTERACTIVE3D\DEBUG\SCENEGRAPH.OBJ
A:\UNI WORK\YEAR2\INTERACTIVE 3D\INTERACTIVE 3D PROJECT\INTERACTIVE3D\DEBUG\SCENENODE.OBJ
A:\UNI WORK\YEAR2\INTERACTIVE 3D\INTERACTIVE 3D PROJECT\INTERACTIVE3D\DEBUG\SKYBOX.OBJ
A:\UNI WORK\YEAR2\INTERACTIVE 3D\INTERACTIVE 3D PROJECT\INTERACTIVE3D\DEBUG\TERRAINNODE.OBJ
A:\UNI WORK\YEAR2\INTERACTIVE 3D\INTERACTIVE 3D PROJECT\INTERACTIVE3D\DEBUG\TEXTUREDCUBE.OBJ
A:\Uni Work\Year2\Interactive 3D\Interactive 3D Project\Interactive3D\Debug\vc100.idb
A:\UNI WORK\YEAR2\INTERACTIVE 3D\INTERACTIVE 3D PROJECT\INTERACTIVE3D\DEBUG\VC100.PDB
A:\UNI WORK\YEAR2\INTERACTIVE 3D\INTERACTIVE 3D PROJECT\INTERACTIVE3D\DEBUG\WOODENCUBE.OBJ
T:\YEAR2\INTERACTIVE 3D\INTERACTIVE 3D PROJECT\DEBUG\INTERACTIVE3D.EXE
T:\YEAR2\INTERACTIVE 3D\INTERACTIVE 3D PROJECT\DEBUG\INTERACTIVE3D.ILK
T:\YEAR2\INTERACTIVE 3D\INTERACTIVE 3D PROJECT\DEBUG\INTERACTIVE3D.PDB
T:\YEAR2\INTERACTIVE 3D\INTERACTIVE 3D PROJECT\INTERACTIVE3D\DEBUG\BIPLANENODE.OBJ
T:\YEAR2\INTERACTIVE 3D\INTERACTIVE 3D PROJECT\INTERACTIVE3D\DEBUG\BOUNDINGBOXNODE.OBJ
T:\YEAR2\INTERACTIVE 3D\INTERACTIVE 3D PROJECT\INTERACTIVE3D\DEBUG\BOUNDINGSHAPENODE.OBJ
T:\YEAR2\INTERACTIVE 3D\INTERACTIVE 3D PROJECT\INTERACTIVE3D\DEBUG\BOUNDINGSPHERENODE.OBJ
T:\YEAR2\INTERACTIVE 3D\INTERACTIVE 3D PROJECT\INTERACTIVE3D\DEBUG\CAMERA.OBJ
T:\YEAR2\INTERACTIVE 3D\INTERACTIVE 3D PROJECT\INTERACTIVE3D\DEBUG\CUBE.OBJ
T:\YEAR2\INTERACTIVE 3D\INTERACTIVE 3D PROJECT\INTERACTIVE3D\DEBUG\DIRECTXBOUNDINGVOLUMES.OBJ
T:\YEAR2\INTERACTIVE 3D\INTERACTIVE 3D PROJECT\INTERACTIVE3D\DEBUG\FRAMEWORK.OBJ
T:\YEAR2\INTERACTIVE 3D\INTERACTIVE 3D PROJECT\INTERACTIVE3D\DEBUG\GAMEPADCONTROLLER.OBJ
T:\YEAR2\INTERACTIVE 3D\INTERACTIVE 3D PROJECT\INTERACTIVE3D\DEBUG\INTERACTIVE3D.EXE.EMBED.MANIFEST.RES
T:\YEAR2\INTERACTIVE 3D\INTERACTIVE 3D PROJECT\INTERACTIVE3D\DEBUG\INTERACTIVE3D.EXE.INTERMEDIATE.MANIFEST
T:\YEAR2\INTERACTIVE 3D\INTERACTIVE 3D PROJECT\INTERACTIVE3D\DEBUG\INTERACTIVE3D.OBJ
T:\YEAR2\INTERACTIVE 3D\INTERACTIVE 3D PROJECT\INTERACTIVE3D\DEBUG\MESH.OBJ
T:\YEAR2\INTERACTIVE 3D\INTERACTIVE 3D PROJECT\INTERACTIVE3D\DEBUG\MODELNODE.OBJ
T:\YEAR2\INTERACTIVE 3D\INTERACTIVE 3D PROJECT\INTERACTIVE3D\DEBUG\RENDERER.OBJ
T:\YEAR2\INTERACTIVE 3D\INTERACTIVE 3D PROJECT\INTERACTIVE3D\DEBUG\RESOURCESMANAGER.OBJ
T:\YEAR2\INTERACTIVE 3D\INTERACTIVE 3D PROJECT\INTERACTIVE3D\DEBUG\SCENEGRAPH.OBJ
T:\YEAR2\INTERACTIVE 3D\INTERACTIVE 3D PROJECT\INTERACTIVE3D\DEBUG\SCENENODE.OBJ
T:\YEAR2\INTERACTIVE 3D\INTERACTIVE 3D PROJECT\INTERACTIVE3D\DEBUG\SKYBOX.OBJ
T:\YEAR2\INTERACTIVE 3D\INTERACTIVE 3D PROJECT\INTERACTIVE3D\DEBUG\TERRAINNODE.OBJ
T:\YEAR2\INTERACTIVE 3D\INTERACTIVE 3D PROJECT\INTERACTIVE3D\DEBUG\TEXTUREDCUBE.OBJ
T:\YEAR2\INTERACTIVE 3D\INTERACTIVE 3D PROJECT\INTERACTIVE3D\DEBUG\VC100.PDB
T:\YEAR2\INTERACTIVE 3D\INTERACTIVE 3D PROJECT\INTERACTIVE3D\DEBUG\WOODENCUBE.OBJ
